<?xml version="1.0" encoding="UTF-8"?>
<testsuite xmlns:xsi="http://www.w3.org/2001/XMLSchema-instance" xsi:noNamespaceSchemaLocation="https://maven.apache.org/surefire/maven-surefire-plugin/xsd/surefire-test-report-3.0.xsd" version="3.0" name="runners.TestRunner" time="16.494" tests="1" errors="0" skipped="0" failures="0">
  <properties>
[...]
</properties>
  <testcase name="Successful Register Account" classname="Register Feature" time="16.074">
    <system-out><![CDATA[
@SuccessLogin
Scenario: Successful Register Account         &amp#27;[90m# src/test/resource/features/register.feature:4&amp#27;[0m
  &amp#27;[32mGiven &amp#27;[0m&amp#27;[32mI am on the register account page&amp#27;[0m     &amp#27;[90m# stepDefinitions.RegisterSteps.i_am_on_the_register_account_page()&amp#27;[0m
  &amp#27;[32mWhen &amp#27;[0m&amp#27;[32mI input phone no&amp#27;[0m                       &amp#27;[90m# stepDefinitions.RegisterSteps.i_input_phone_no()&amp#27;[0m
  &amp#27;[32mAnd &amp#27;[0m&amp#27;[32mI input email&amp#27;[0m                           &amp#27;[90m# stepDefinitions.RegisterSteps.i_input_email()&amp#27;[0m
  &amp#27;[32mAnd &amp#27;[0m&amp#27;[32mI input firstname&amp#27;[0m                       &amp#27;[90m# stepDefinitions.RegisterSteps.i_input_firtname()&amp#27;[0m
  &amp#27;[32mAnd &amp#27;[0m&amp#27;[32mI input Lastname&amp#27;[0m                        &amp#27;[90m# stepDefinitions.RegisterSteps.i_input_lastname()&amp#27;[0m
  &amp#27;[32mAnd &amp#27;[0m&amp#27;[32mI click daftar&amp#27;[0m                          &amp#27;[90m# stepDefinitions.RegisterSteps.i_click_daftar()&amp#27;[0m
https://www.cermati.com/app/gabung  &amp#27;[32mThen &amp#27;[0m&amp#27;[32mI should be redirected to the homepage&amp#27;[0m &amp#27;[90m# stepDefinitions.RegisterSteps.i_should_be_redirected_to_the_homepage()&amp#27;[0m
]]></system-out>
    <system-err><![CDATA[SLF4J: Failed to load class "org.slf4j.impl.StaticLoggerBinder".
SLF4J: Defaulting to no-operation (NOP) logger implementation
SLF4J: See http://www.slf4j.org/codes.html#StaticLoggerBinder for further details.
Starting ChromeDriver 131.0.6778.204 (52183f9e99a61056f9b78535f53d256f1516f2a0-refs/branch-heads/6778_155@{#7}) on port 61671
Only local connections are allowed.
Please see https://chromedriver.chromium.org/security-considerations for suggestions on keeping ChromeDriver safe.
ChromeDriver was started successfully on port 61671.
[1737559845.187][WARNING]: This version of ChromeDriver has not been tested with Chrome version 132.
Jan 22, 2025 10:30:45 PM org.openqa.selenium.remote.ProtocolHandshake createSession
INFO: Detected dialect: W3C
Jan 22, 2025 10:30:45 PM org.openqa.selenium.devtools.CdpVersionFinder findNearestMatch
WARNING: Unable to find an exact match for CDP version 132, so returning the closest version found: a no-op implementation
Jan 22, 2025 10:30:45 PM org.openqa.selenium.devtools.CdpVersionFinder findNearestMatch
INFO: Unable to find CDP implementation matching 132.
Jan 22, 2025 10:30:45 PM org.openqa.selenium.chromium.ChromiumDriver lambda$new$3
WARNING: Unable to find version of CDP to use for . You may need to include a dependency on a specific version of the CDP using something similar to `org.seleniumhq.selenium:selenium-devtools-v86:4.0.0` where the version ("v86") matches the version of the chromium-based browser you're using and the version number of the artifact is the same as Selenium's.
]]></system-err>
  </testcase>
</testsuite>